<?xml version="1.0" encoding="UTF-8"?>
<!-- Generated by org.testng.reporters.JUnitReportReporter -->
<testsuite hostname="DESKTOP-5HJF4BI" failures="0" tests="3" name="TestNgAnnotation.TestNgclasses" time="8.108" errors="0" timestamp="2024-12-25T11:17:57 IST" skipped="0">
  <testcase classname="TestNgAnnotation.TestNgclasses" name="openapp" time="3.236"/>
  <system-out/>
  <testcase classname="TestNgAnnotation.TestNgclasses" name="login" time="4.575"/>
  <system-out/>
  <testcase classname="TestNgAnnotation.TestNgclasses" name="logout" time="0.297"/>
  <system-out/>
</testsuite> <!-- TestNgAnnotation.TestNgclasses -->
