<?xml version="1.0" encoding="UTF-8"?>
<!-- Generated by org.testng.reporters.JUnitReportReporter -->
<testsuite hostname="DESKTOP-5HJF4BI" failures="0" tests="2" name="Assertions_of_validations.HardvsSoft" time="0.014" errors="0" timestamp="2024-12-25T16:53:57 IST" skipped="0">
  <testcase classname="Assertions_of_validations.HardvsSoft" name="m1" time="0.013"/>
  <system-out/>
  <testcase classname="Assertions_of_validations.HardvsSoft" name="m2" time="0.001"/>
  <system-out/>
</testsuite> <!-- Assertions_of_validations.HardvsSoft -->
