<?xml version="1.0" encoding="UTF-8"?>
<!-- Generated by org.testng.reporters.JUnitReportReporter -->
<testsuite hostname="DESKTOP-5HJF4BI" failures="0" tests="3" name="Selenium.Testngclass" time="0.025" errors="0" timestamp="2024-12-24T23:50:07 IST" skipped="0">
  <testcase classname="Selenium.Testngclass" name="add" time="0.019"/>
  <system-out/>
  <testcase classname="Selenium.Testngclass" name="three" time="0.003"/>
  <system-out/>
  <testcase classname="Selenium.Testngclass" name="two" time="0.003"/>
  <system-out/>
</testsuite> <!-- Selenium.Testngclass -->
