<?xml version="1.0" encoding="UTF-8"?>
<!-- Generated by org.testng.reporters.JUnitReportReporter -->
<testsuite hostname="DESKTOP-5HJF4BI" failures="0" tests="3" name="TestNgAnnotation.TestDATA" time="0.006" errors="0" timestamp="2024-12-25T11:17:57 IST" skipped="0">
  <testcase classname="TestNgAnnotation.TestDATA" name="add" time="0.002"/>
  <system-out/>
  <testcase classname="TestNgAnnotation.TestDATA" name="three" time="0.002"/>
  <system-out/>
  <testcase classname="TestNgAnnotation.TestDATA" name="two" time="0.002"/>
  <system-out/>
</testsuite> <!-- TestNgAnnotation.TestDATA -->
